#
# A fatal error has been detected by the Java Runtime Environment:
#
#  SIGBUS (0xa) at pc=0x000000010c53ce92, pid=31484, tid=0x0000000000001703
#
# JRE version: Java(TM) SE Runtime Environment (8.0_101-b13) (build 1.8.0_101-b13)
# Java VM: Java HotSpot(TM) 64-Bit Server VM (25.101-b13 mixed mode bsd-amd64 compressed oops)
# Problematic frame:
# C  [libzip.dylib+0x2e92]  newEntry+0x154
#
# Failed to write core dump. Core dumps have been disabled. To enable core dumping, try "ulimit -c unlimited" before starting Java again
#
# If you would like to submit a bug report, please visit:
#   http://bugreport.java.com/bugreport/crash.jsp
# The crash happened outside the Java Virtual Machine in native code.
# See problematic frame for where to report the bug.
#

---------------  T H R E A D  ---------------

Current thread (0x00007f853b006800):  JavaThread "main" [_thread_in_native, id=5891, stack(0x000070000011a000,0x000070000021a000)]

siginfo: si_signo: 10 (SIGBUS), si_code: 2 (BUS_ADRERR), si_addr: 0x000000012b04f3ef

Registers:
RAX=0x00007f853af93220, RBX=0x000000012b04f3e3, RCX=0x0000000000000700, RDX=0x0000000000000000
RSP=0x00007000002180c0, RBP=0x0000700000218120, RSI=0x00007f853cc00000, RDI=0x000000010c277a00
R8 =0x0000000000000004, R9 =0x00000000fff00000, R10=0x000000010e5b49a8, R11=0x000000010dae2b5b
R12=0x0000000000000000, R13=0x00000001270acee0, R14=0x00007f853af93220, R15=0x00007f853b006800
RIP=0x000000010c53ce92, EFLAGS=0x0000000000010202, ERR=0x0000000000000004
  TRAPNO=0x000000000000000e

Top of Stack: (sp=0x00007000002180c0)
0x00007000002180c0:   00000001270acee0 00000001270acee0
0x00007000002180d0:   0000700000218140 000000010d8e5d9f
0x00007000002180e0:   0000700000218100 00007f853af93220
0x00007000002180f0:   00007f853cc70af0 0000000000000000
0x0000700000218100:   0000000000000000 00000001270acee0
0x0000700000218110:   00007f853af93220 00007f853b006800
0x0000700000218120:   0000700000218140 000000010c53d441
0x0000700000218130:   00000001270acee0 00007000002181f0
0x0000700000218140:   0000700000218150 000000010c53c157
0x0000700000218150:   00007000002181c0 000000010e5b49d4
0x0000700000218160:   00007000002181c0 000000010e5b4759
0x0000700000218170:   000000010e5c0983 000000010e5b4722
0x0000700000218180:   0000700000218180 00000001270acee0
0x0000700000218190:   00007000002181f0 00000001270ae768
0x00007000002181a0:   0000000000000000 00000001270acee0
0x00007000002181b0:   0000000000000000 00007000002181e0
0x00007000002181c0:   0000700000218238 000000010e5a4dd0
0x00007000002181d0:   00000006c0002980 000000010e5ae537
0x00007000002181e0:   0000000000000000 00007f853af93220
0x00007000002181f0:   000000010e5afe02 00007000002181f8
0x0000700000218200:   00000001270adfb2 0000700000218258
0x0000700000218210:   00000001270ae768 0000000000000000
0x0000700000218220:   00000001270adfc0 00007000002181e0
0x0000700000218230:   0000700000218248 00007000002182b0
0x0000700000218240:   000000010e5a4dd0 0000000000000000
0x0000700000218250:   00007f853af93220 000000076b383760
0x0000700000218260:   000000076b383760 000000076b383760
0x0000700000218270:   0000700000218260 000000012cff6516
0x0000700000218280:   00007000002182e8 000000012cff6798
0x0000700000218290:   0000000000000000 000000012cff65e0
0x00007000002182a0:   0000700000218248 00007000002182e8
0x00007000002182b0:   0000700000218330 000000010e5a5040 

Instructions: (pc=0x000000010c53ce92)
0x000000010c53ce72:   49 8b 7f 38 e8 5b 1b 00 00 4d 89 77 38 49 89 5f
0x000000010c53ce82:   40 4c 89 f0 48 85 c0 0f 84 11 05 00 00 48 89 c3
0x000000010c53ce92:   0f b6 43 0c 0f b6 4b 0d 48 c1 e1 08 48 01 c1 0f
0x000000010c53cea2:   b6 43 0e 0f b6 53 0f 48 c1 e2 08 48 01 c2 48 c1 

Register to memory mapping:

RAX=0x00007f853af93220 is an unknown value
RBX=0x000000012b04f3e3 is an unknown value
RCX=0x0000000000000700 is an unknown value
RDX=0x0000000000000000 is an unknown value
RSP=0x00007000002180c0 is pointing into the stack for thread: 0x00007f853b006800
RBP=0x0000700000218120 is pointing into the stack for thread: 0x00007f853b006800
RSI=0x00007f853cc00000 is an unknown value
RDI=0x000000010c277a00 is an unknown value
R8 =0x0000000000000004 is an unknown value
R9 =0x00000000fff00000 is an unknown value
R10=0x000000010e5b49a8 is at code_begin+808 in an Interpreter codelet
method entry point (kind = native)  [0x000000010e5b4680, 0x000000010e5b4f80]  2304 bytes
R11=0x000000010dae2b5b: throw_unsatisfied_link_error+0 in /Library/Java/JavaVirtualMachines/jdk1.8.0_101.jdk/Contents/Home/jre/lib/server/libjvm.dylib at 0x000000010d600000
R12=0x0000000000000000 is an unknown value
R13={method} {0x00000001270acee0} 'getNextEntry' '(JI)J' in 'java/util/zip/ZipFile'
R14=0x00007f853af93220 is an unknown value
R15=0x00007f853b006800 is a thread


Stack: [0x000070000011a000,0x000070000021a000],  sp=0x00007000002180c0,  free space=1016k
Native frames: (J=compiled Java code, j=interpreted, Vv=VM code, C=native code)
C  [libzip.dylib+0x2e92]  newEntry+0x154
C  [libzip.dylib+0x3441]  ZIP_GetNextEntry+0x37
C  [libzip.dylib+0x2157]  Java_java_util_zip_ZipFile_getNextEntry+0xe
j  java.util.zip.ZipFile.getNextEntry(JI)J+0
j  java.util.zip.ZipFile.access$500(JI)J+2
j  java.util.zip.ZipFile$ZipEntryIterator.next()Ljava/util/zip/ZipEntry;+54
j  java.util.zip.ZipFile$ZipEntryIterator.nextElement()Ljava/util/zip/ZipEntry;+1
j  java.util.zip.ZipFile$ZipEntryIterator.nextElement()Ljava/lang/Object;+1
j  java.util.jar.JarFile$JarEntryIterator.next()Ljava/util/jar/JarEntry;+4
j  java.util.jar.JarFile$JarEntryIterator.nextElement()Ljava/util/jar/JarEntry;+1
j  java.util.jar.JarFile$JarEntryIterator.nextElement()Ljava/lang/Object;+1
j  com.alipay.sofa.ark.tools.JarWriter.writeEntries(Ljava/util/jar/JarFile;Lcom/alipay/sofa/ark/tools/JarWriter$EntryTransformer;)V+15
j  com.alipay.sofa.ark.tools.JarWriter.writeEntries(Ljava/util/jar/JarFile;)V+9
j  com.alipay.sofa.ark.plugin.mojo.ArkPluginMojo.shadeJarIntoArkPlugin(Ljava/io/File;Ljava/util/Set;)V+239
j  com.alipay.sofa.ark.plugin.mojo.ArkPluginMojo.execute()V+125
j  org.apache.maven.plugin.DefaultBuildPluginManager.executeMojo(Lorg/apache/maven/execution/MavenSession;Lorg/apache/maven/plugin/MojoExecution;)V+155
j  org.apache.maven.lifecycle.internal.MojoExecutor.execute(Lorg/apache/maven/execution/MavenSession;Lorg/apache/maven/plugin/MojoExecution;Lorg/apache/maven/lifecycle/internal/ProjectIndex;Lorg/apache/maven/lifecycle/internal/DependencyContext;)V+215
j  org.apache.maven.lifecycle.internal.MojoExecutor.execute(Lorg/apache/maven/execution/MavenSession;Lorg/apache/maven/plugin/MojoExecution;Lorg/apache/maven/lifecycle/internal/ProjectIndex;Lorg/apache/maven/lifecycle/internal/DependencyContext;Lorg/apache/maven/lifecycle/internal/PhaseRecorder;)V+6
j  org.apache.maven.lifecycle.internal.MojoExecutor.execute(Lorg/apache/maven/execution/MavenSession;Ljava/util/List;Lorg/apache/maven/lifecycle/internal/ProjectIndex;)V+60
j  org.apache.maven.lifecycle.internal.LifecycleModuleBuilder.buildProject(Lorg/apache/maven/execution/MavenSession;Lorg/apache/maven/execution/MavenSession;Lorg/apache/maven/lifecycle/internal/ReactorContext;Lorg/apache/maven/project/MavenProject;Lorg/apache/maven/lifecycle/internal/TaskSegment;)V+176
j  org.apache.maven.lifecycle.internal.LifecycleModuleBuilder.buildProject(Lorg/apache/maven/execution/MavenSession;Lorg/apache/maven/lifecycle/internal/ReactorContext;Lorg/apache/maven/project/MavenProject;Lorg/apache/maven/lifecycle/internal/TaskSegment;)V+7
j  org.apache.maven.lifecycle.internal.builder.singlethreaded.SingleThreadedBuilder.build(Lorg/apache/maven/execution/MavenSession;Lorg/apache/maven/lifecycle/internal/ReactorContext;Lorg/apache/maven/lifecycle/internal/ProjectBuildList;Ljava/util/List;Lorg/apache/maven/lifecycle/internal/ReactorBuildStatus;)V+77
j  org.apache.maven.lifecycle.internal.LifecycleStarter.execute(Lorg/apache/maven/execution/MavenSession;)V+346
j  org.apache.maven.DefaultMaven.doExecute(Lorg/apache/maven/execution/MavenExecutionRequest;)Lorg/apache/maven/execution/MavenExecutionResult;+554
j  org.apache.maven.DefaultMaven.execute(Lorg/apache/maven/execution/MavenExecutionRequest;)Lorg/apache/maven/execution/MavenExecutionResult;+11
j  org.apache.maven.cli.MavenCli.execute(Lorg/apache/maven/cli/MavenCli$CliRequest;)I+19
j  org.apache.maven.cli.MavenCli.doMain(Lorg/apache/maven/cli/MavenCli$CliRequest;)I+61
j  org.apache.maven.cli.MavenCli.main([Ljava/lang/String;Lorg/codehaus/plexus/classworlds/ClassWorld;)I+18
v  ~StubRoutines::call_stub
V  [libjvm.dylib+0x2ecf06]
V  [libjvm.dylib+0x4d1214]
V  [libjvm.dylib+0x4d1748]
V  [libjvm.dylib+0x345384]
j  sun.reflect.NativeMethodAccessorImpl.invoke0(Ljava/lang/reflect/Method;Ljava/lang/Object;[Ljava/lang/Object;)Ljava/lang/Object;+0
j  sun.reflect.NativeMethodAccessorImpl.invoke(Ljava/lang/Object;[Ljava/lang/Object;)Ljava/lang/Object;+100
j  sun.reflect.DelegatingMethodAccessorImpl.invoke(Ljava/lang/Object;[Ljava/lang/Object;)Ljava/lang/Object;+6
j  java.lang.reflect.Method.invoke(Ljava/lang/Object;[Ljava/lang/Object;)Ljava/lang/Object;+56
j  org.codehaus.plexus.classworlds.launcher.Launcher.launchEnhanced([Ljava/lang/String;)V+45
j  org.codehaus.plexus.classworlds.launcher.Launcher.launch([Ljava/lang/String;)V+2
j  org.codehaus.plexus.classworlds.launcher.Launcher.mainWithExitCode([Ljava/lang/String;)I+101
j  org.codehaus.plexus.classworlds.launcher.Launcher.main([Ljava/lang/String;)V+1
v  ~StubRoutines::call_stub
V  [libjvm.dylib+0x2ecf06]
V  [libjvm.dylib+0x323d7a]
V  [libjvm.dylib+0x31caf1]
C  [java+0x3931]  JavaMain+0x9c4
C  [libsystem_pthread.dylib+0x399d]  _pthread_body+0x83
C  [libsystem_pthread.dylib+0x391a]  _pthread_body+0x0
C  [libsystem_pthread.dylib+0x1351]  thread_start+0xd
C  0x0000000000000000

Java frames: (J=compiled Java code, j=interpreted, Vv=VM code)
j  java.util.zip.ZipFile.getNextEntry(JI)J+0
j  java.util.zip.ZipFile.access$500(JI)J+2
j  java.util.zip.ZipFile$ZipEntryIterator.next()Ljava/util/zip/ZipEntry;+54
j  java.util.zip.ZipFile$ZipEntryIterator.nextElement()Ljava/util/zip/ZipEntry;+1
j  java.util.zip.ZipFile$ZipEntryIterator.nextElement()Ljava/lang/Object;+1
j  java.util.jar.JarFile$JarEntryIterator.next()Ljava/util/jar/JarEntry;+4
j  java.util.jar.JarFile$JarEntryIterator.nextElement()Ljava/util/jar/JarEntry;+1
j  java.util.jar.JarFile$JarEntryIterator.nextElement()Ljava/lang/Object;+1
j  com.alipay.sofa.ark.tools.JarWriter.writeEntries(Ljava/util/jar/JarFile;Lcom/alipay/sofa/ark/tools/JarWriter$EntryTransformer;)V+15
j  com.alipay.sofa.ark.tools.JarWriter.writeEntries(Ljava/util/jar/JarFile;)V+9
j  com.alipay.sofa.ark.plugin.mojo.ArkPluginMojo.shadeJarIntoArkPlugin(Ljava/io/File;Ljava/util/Set;)V+239
j  com.alipay.sofa.ark.plugin.mojo.ArkPluginMojo.execute()V+125
j  org.apache.maven.plugin.DefaultBuildPluginManager.executeMojo(Lorg/apache/maven/execution/MavenSession;Lorg/apache/maven/plugin/MojoExecution;)V+155
j  org.apache.maven.lifecycle.internal.MojoExecutor.execute(Lorg/apache/maven/execution/MavenSession;Lorg/apache/maven/plugin/MojoExecution;Lorg/apache/maven/lifecycle/internal/ProjectIndex;Lorg/apache/maven/lifecycle/internal/DependencyContext;)V+215
j  org.apache.maven.lifecycle.internal.MojoExecutor.execute(Lorg/apache/maven/execution/MavenSession;Lorg/apache/maven/plugin/MojoExecution;Lorg/apache/maven/lifecycle/internal/ProjectIndex;Lorg/apache/maven/lifecycle/internal/DependencyContext;Lorg/apache/maven/lifecycle/internal/PhaseRecorder;)V+6
j  org.apache.maven.lifecycle.internal.MojoExecutor.execute(Lorg/apache/maven/execution/MavenSession;Ljava/util/List;Lorg/apache/maven/lifecycle/internal/ProjectIndex;)V+60
j  org.apache.maven.lifecycle.internal.LifecycleModuleBuilder.buildProject(Lorg/apache/maven/execution/MavenSession;Lorg/apache/maven/execution/MavenSession;Lorg/apache/maven/lifecycle/internal/ReactorContext;Lorg/apache/maven/project/MavenProject;Lorg/apache/maven/lifecycle/internal/TaskSegment;)V+176
j  org.apache.maven.lifecycle.internal.LifecycleModuleBuilder.buildProject(Lorg/apache/maven/execution/MavenSession;Lorg/apache/maven/lifecycle/internal/ReactorContext;Lorg/apache/maven/project/MavenProject;Lorg/apache/maven/lifecycle/internal/TaskSegment;)V+7
j  org.apache.maven.lifecycle.internal.builder.singlethreaded.SingleThreadedBuilder.build(Lorg/apache/maven/execution/MavenSession;Lorg/apache/maven/lifecycle/internal/ReactorContext;Lorg/apache/maven/lifecycle/internal/ProjectBuildList;Ljava/util/List;Lorg/apache/maven/lifecycle/internal/ReactorBuildStatus;)V+77
j  org.apache.maven.lifecycle.internal.LifecycleStarter.execute(Lorg/apache/maven/execution/MavenSession;)V+346
j  org.apache.maven.DefaultMaven.doExecute(Lorg/apache/maven/execution/MavenExecutionRequest;)Lorg/apache/maven/execution/MavenExecutionResult;+554
j  org.apache.maven.DefaultMaven.execute(Lorg/apache/maven/execution/MavenExecutionRequest;)Lorg/apache/maven/execution/MavenExecutionResult;+11
j  org.apache.maven.cli.MavenCli.execute(Lorg/apache/maven/cli/MavenCli$CliRequest;)I+19
j  org.apache.maven.cli.MavenCli.doMain(Lorg/apache/maven/cli/MavenCli$CliRequest;)I+61
j  org.apache.maven.cli.MavenCli.main([Ljava/lang/String;Lorg/codehaus/plexus/classworlds/ClassWorld;)I+18
v  ~StubRoutines::call_stub
j  sun.reflect.NativeMethodAccessorImpl.invoke0(Ljava/lang/reflect/Method;Ljava/lang/Object;[Ljava/lang/Object;)Ljava/lang/Object;+0
j  sun.reflect.NativeMethodAccessorImpl.invoke(Ljava/lang/Object;[Ljava/lang/Object;)Ljava/lang/Object;+100
j  sun.reflect.DelegatingMethodAccessorImpl.invoke(Ljava/lang/Object;[Ljava/lang/Object;)Ljava/lang/Object;+6
j  java.lang.reflect.Method.invoke(Ljava/lang/Object;[Ljava/lang/Object;)Ljava/lang/Object;+56
j  org.codehaus.plexus.classworlds.launcher.Launcher.launchEnhanced([Ljava/lang/String;)V+45
j  org.codehaus.plexus.classworlds.launcher.Launcher.launch([Ljava/lang/String;)V+2
j  org.codehaus.plexus.classworlds.launcher.Launcher.mainWithExitCode([Ljava/lang/String;)I+101
j  org.codehaus.plexus.classworlds.launcher.Launcher.main([Ljava/lang/String;)V+1
v  ~StubRoutines::call_stub

---------------  P R O C E S S  ---------------

Java Threads: ( => current thread )
  0x00007f853b7e0000 JavaThread "process reaper" daemon [_thread_blocked, id=22539, stack(0x00007000014d6000,0x00007000014fe000)]
  0x00007f853b04b000 JavaThread "Service Thread" daemon [_thread_blocked, id=20995, stack(0x00007000012d0000,0x00007000013d0000)]
  0x00007f853b034000 JavaThread "C1 CompilerThread3" daemon [_thread_blocked, id=20483, stack(0x00007000011cd000,0x00007000012cd000)]
  0x00007f853c030800 JavaThread "C2 CompilerThread2" daemon [_thread_in_native, id=19971, stack(0x00007000010ca000,0x00007000011ca000)]
  0x00007f853d032000 JavaThread "C2 CompilerThread1" daemon [_thread_in_native, id=19459, stack(0x0000700000fc7000,0x00007000010c7000)]
  0x00007f853d019800 JavaThread "C2 CompilerThread0" daemon [_thread_in_native, id=18947, stack(0x0000700000ec4000,0x0000700000fc4000)]
  0x00007f853d019000 JavaThread "Signal Dispatcher" daemon [_thread_blocked, id=15887, stack(0x0000700000dc1000,0x0000700000ec1000)]
  0x00007f853c057800 JavaThread "Finalizer" daemon [_thread_blocked, id=14339, stack(0x0000700000c3b000,0x0000700000d3b000)]
  0x00007f853b018800 JavaThread "Reference Handler" daemon [_thread_blocked, id=13827, stack(0x0000700000b38000,0x0000700000c38000)]
=>0x00007f853b006800 JavaThread "main" [_thread_in_native, id=5891, stack(0x000070000011a000,0x000070000021a000)]

Other Threads:
  0x00007f853c055000 VMThread [stack: 0x0000700000a35000,0x0000700000b35000] [id=13315]
  0x00007f853b810800 WatcherThread [stack: 0x00007000013d3000,0x00007000014d3000] [id=21507]

VM state:not at safepoint (normal execution)

VM Mutex/Monitor currently owned by a thread: None

Heap:
 PSYoungGen      total 381952K, used 13403K [0x000000076ab00000, 0x0000000783f00000, 0x00000007c0000000)
  eden space 368640K, 3% used [0x000000076ab00000,0x000000076b816dd0,0x0000000781300000)
  from space 13312K, 0% used [0x0000000783200000,0x0000000783200000,0x0000000783f00000)
  to   space 20992K, 0% used [0x0000000781600000,0x0000000781600000,0x0000000782a80000)
 ParOldGen       total 198656K, used 31307K [0x00000006c0000000, 0x00000006cc200000, 0x000000076ab00000)
  object space 198656K, 15% used [0x00000006c0000000,0x00000006c1e92dd0,0x00000006cc200000)
 Metaspace       used 34895K, capacity 36057K, committed 36352K, reserved 1081344K
  class space    used 4119K, capacity 4482K, committed 4608K, reserved 1048576K

Card table byte_map: [0x000000011d95d000,0x000000011e15e000] byte_map_base: 0x000000011a35d000

Marking Bits: (ParMarkBitMap*) 0x000000010deedd20
 Begin Bits: [0x000000011e6b4000, 0x00000001226b4000)
 End Bits:   [0x00000001226b4000, 0x00000001266b4000)

Polling page: 0x000000010c530000

CodeCache: size=245760Kb used=13737Kb max_used=15387Kb free=232022Kb
 bounds [0x000000010e59d000, 0x000000010f4cd000, 0x000000011d59d000]
 total_blobs=4830 nmethods=4374 adapters=369
 compilation: enabled

Compilation events (10 events):
Event: 6.503 Thread 0x00007f853b034000 5170       3       java.util.Date::getMinutes (8 bytes)
Event: 6.503 Thread 0x00007f853b034000 nmethod 5170 0x000000010e8ccb10 code [0x000000010e8ccc80, 0x000000010e8ccea8]
Event: 6.503 Thread 0x00007f853b034000 5172       3       org.codehaus.plexus.archiver.zip.ZipOutputStream::writeOut (31 bytes)
Event: 6.503 Thread 0x00007f853b034000 nmethod 5172 0x000000010e8cc510 code [0x000000010e8cc6a0, 0x000000010e8cc9b8]
Event: 6.503 Thread 0x00007f853b034000 5173       3       org.codehaus.plexus.archiver.zip.ZipOutputStream::writeOut (9 bytes)
Event: 6.504 Thread 0x00007f853b034000 nmethod 5173 0x000000010ea10650 code [0x000000010ea107e0, 0x000000010ea10bf8]
Event: 6.504 Thread 0x00007f853b034000 5174       3       java.util.zip.ZipEntry::hashCode (8 bytes)
Event: 6.504 Thread 0x00007f853b034000 nmethod 5174 0x000000010e8cc0d0 code [0x000000010e8cc240, 0x000000010e8cc468]
Event: 6.505 Thread 0x00007f853b034000 5175       2       java.util.jar.Attributes::getValue (9 bytes)
Event: 6.505 Thread 0x00007f853b034000 nmethod 5175 0x000000010e710c50 code [0x000000010e710dc0, 0x000000010e710f68]

GC Heap History (10 events):
Event: 2.570 GC heap before
{Heap before GC invocations=4 (full 0):
 PSYoungGen      total 141824K, used 67169K [0x000000076ab00000, 0x000000077c000000, 0x00000007c0000000)
  eden space 131072K, 43% used [0x000000076ab00000,0x000000076e2204a8,0x0000000772b00000)
  from space 10752K, 99% used [0x0000000772b00000,0x0000000773578020,0x0000000773580000)
  to   space 10752K, 0% used [0x000000077b580000,0x000000077b580000,0x000000077c000000)
 ParOldGen       total 175104K, used 11245K [0x00000006c0000000, 0x00000006cab00000, 0x000000076ab00000)
  object space 175104K, 6% used [0x00000006c0000000,0x00000006c0afb608,0x00000006cab00000)
 Metaspace       used 20494K, capacity 21125K, committed 21296K, reserved 1069056K
  class space    used 2485K, capacity 2688K, committed 2688K, reserved 1048576K
Event: 2.587 GC heap after
Heap after GC invocations=4 (full 0):
 PSYoungGen      total 272896K, used 10736K [0x000000076ab00000, 0x000000077c000000, 0x00000007c0000000)
  eden space 262144K, 0% used [0x000000076ab00000,0x000000076ab00000,0x000000077ab00000)
  from space 10752K, 99% used [0x000000077b580000,0x000000077bffc010,0x000000077c000000)
  to   space 10752K, 0% used [0x000000077ab00000,0x000000077ab00000,0x000000077b580000)
 ParOldGen       total 175104K, used 15797K [0x00000006c0000000, 0x00000006cab00000, 0x000000076ab00000)
  object space 175104K, 9% used [0x00000006c0000000,0x00000006c0f6d7a0,0x00000006cab00000)
 Metaspace       used 20494K, capacity 21125K, committed 21296K, reserved 1069056K
  class space    used 2485K, capacity 2688K, committed 2688K, reserved 1048576K
}
Event: 2.587 GC heap before
{Heap before GC invocations=5 (full 1):
 PSYoungGen      total 272896K, used 10736K [0x000000076ab00000, 0x000000077c000000, 0x00000007c0000000)
  eden space 262144K, 0% used [0x000000076ab00000,0x000000076ab00000,0x000000077ab00000)
  from space 10752K, 99% used [0x000000077b580000,0x000000077bffc010,0x000000077c000000)
  to   space 10752K, 0% used [0x000000077ab00000,0x000000077ab00000,0x000000077b580000)
 ParOldGen       total 175104K, used 15797K [0x00000006c0000000, 0x00000006cab00000, 0x000000076ab00000)
  object space 175104K, 9% used [0x00000006c0000000,0x00000006c0f6d7a0,0x00000006cab00000)
 Metaspace       used 20494K, capacity 21125K, committed 21296K, reserved 1069056K
  class space    used 2485K, capacity 2688K, committed 2688K, reserved 1048576K
Event: 2.650 GC heap after
Heap after GC invocations=5 (full 1):
 PSYoungGen      total 272896K, used 0K [0x000000076ab00000, 0x000000077c000000, 0x00000007c0000000)
  eden space 262144K, 0% used [0x000000076ab00000,0x000000076ab00000,0x000000077ab00000)
  from space 10752K, 0% used [0x000000077b580000,0x000000077b580000,0x000000077c000000)
  to   space 10752K, 0% used [0x000000077ab00000,0x000000077ab00000,0x000000077b580000)
 ParOldGen       total 129536K, used 20561K [0x00000006c0000000, 0x00000006c7e80000, 0x000000076ab00000)
  object space 129536K, 15% used [0x00000006c0000000,0x00000006c14145d8,0x00000006c7e80000)
 Metaspace       used 20494K, capacity 21125K, committed 21296K, reserved 1069056K
  class space    used 2485K, capacity 2688K, committed 2688K, reserved 1048576K
}
Event: 5.083 GC heap before
{Heap before GC invocations=6 (full 1):
 PSYoungGen      total 272896K, used 262144K [0x000000076ab00000, 0x000000077c000000, 0x00000007c0000000)
  eden space 262144K, 100% used [0x000000076ab00000,0x000000077ab00000,0x000000077ab00000)
  from space 10752K, 0% used [0x000000077b580000,0x000000077b580000,0x000000077c000000)
  to   space 10752K, 0% used [0x000000077ab00000,0x000000077ab00000,0x000000077b580000)
 ParOldGen       total 129536K, used 20561K [0x00000006c0000000, 0x00000006c7e80000, 0x000000076ab00000)
  object space 129536K, 15% used [0x00000006c0000000,0x00000006c14145d8,0x00000006c7e80000)
 Metaspace       used 33719K, capacity 34773K, committed 35072K, reserved 1079296K
  class space    used 3962K, capacity 4306K, committed 4352K, reserved 1048576K
Event: 5.102 GC heap after
Heap after GC invocations=6 (full 1):
 PSYoungGen      total 272896K, used 10731K [0x000000076ab00000, 0x0000000784700000, 0x00000007c0000000)
  eden space 262144K, 0% used [0x000000076ab00000,0x000000076ab00000,0x000000077ab00000)
  from space 10752K, 99% used [0x000000077ab00000,0x000000077b57af28,0x000000077b580000)
  to   space 21504K, 0% used [0x0000000783200000,0x0000000783200000,0x0000000784700000)
 ParOldGen       total 129536K, used 26944K [0x00000006c0000000, 0x00000006c7e80000, 0x000000076ab00000)
  object space 129536K, 20% used [0x00000006c0000000,0x00000006c1a50028,0x00000006c7e80000)
 Metaspace       used 33719K, capacity 34773K, committed 35072K, reserved 1079296K
  class space    used 3962K, capacity 4306K, committed 4352K, reserved 1048576K
}
Event: 6.336 GC heap before
{Heap before GC invocations=7 (full 1):
 PSYoungGen      total 272896K, used 181987K [0x000000076ab00000, 0x0000000784700000, 0x00000007c0000000)
  eden space 262144K, 65% used [0x000000076ab00000,0x000000077523df00,0x000000077ab00000)
  from space 10752K, 99% used [0x000000077ab00000,0x000000077b57af28,0x000000077b580000)
  to   space 21504K, 0% used [0x0000000783200000,0x0000000783200000,0x0000000784700000)
 ParOldGen       total 129536K, used 26944K [0x00000006c0000000, 0x00000006c7e80000, 0x000000076ab00000)
  object space 129536K, 20% used [0x00000006c0000000,0x00000006c1a50028,0x00000006c7e80000)
 Metaspace       used 34201K, capacity 35303K, committed 35456K, reserved 1081344K
  class space    used 4001K, capacity 4380K, committed 4480K, reserved 1048576K
Event: 6.346 GC heap after
Heap after GC invocations=7 (full 1):
 PSYoungGen      total 381952K, used 13231K [0x000000076ab00000, 0x0000000783f00000, 0x00000007c0000000)
  eden space 368640K, 0% used [0x000000076ab00000,0x000000076ab00000,0x0000000781300000)
  from space 13312K, 99% used [0x0000000783200000,0x0000000783eebf70,0x0000000783f00000)
  to   space 20992K, 0% used [0x0000000781600000,0x0000000781600000,0x0000000782a80000)
 ParOldGen       total 129536K, used 26971K [0x00000006c0000000, 0x00000006c7e80000, 0x000000076ab00000)
  object space 129536K, 20% used [0x00000006c0000000,0x00000006c1a56c78,0x00000006c7e80000)
 Metaspace       used 34201K, capacity 35303K, committed 35456K, reserved 1081344K
  class space    used 4001K, capacity 4380K, committed 4480K, reserved 1048576K
}
Event: 6.346 GC heap before
{Heap before GC invocations=8 (full 2):
 PSYoungGen      total 381952K, used 13231K [0x000000076ab00000, 0x0000000783f00000, 0x00000007c0000000)
  eden space 368640K, 0% used [0x000000076ab00000,0x000000076ab00000,0x0000000781300000)
  from space 13312K, 99% used [0x0000000783200000,0x0000000783eebf70,0x0000000783f00000)
  to   space 20992K, 0% used [0x0000000781600000,0x0000000781600000,0x0000000782a80000)
 ParOldGen       total 129536K, used 26971K [0x00000006c0000000, 0x00000006c7e80000, 0x000000076ab00000)
  object space 129536K, 20% used [0x00000006c0000000,0x00000006c1a56c78,0x00000006c7e80000)
 Metaspace       used 34201K, capacity 35303K, committed 35456K, reserved 1081344K
  class space    used 4001K, capacity 4380K, committed 4480K, reserved 1048576K
Event: 6.425 GC heap after
Heap after GC invocations=8 (full 2):
 PSYoungGen      total 381952K, used 0K [0x000000076ab00000, 0x0000000783f00000, 0x00000007c0000000)
  eden space 368640K, 0% used [0x000000076ab00000,0x000000076ab00000,0x0000000781300000)
  from space 13312K, 0% used [0x0000000783200000,0x0000000783200000,0x0000000783f00000)
  to   space 20992K, 0% used [0x0000000781600000,0x0000000781600000,0x0000000782a80000)
 ParOldGen       total 198656K, used 31307K [0x00000006c0000000, 0x00000006cc200000, 0x000000076ab00000)
  object space 198656K, 15% used [0x00000006c0000000,0x00000006c1e92dd0,0x00000006cc200000)
 Metaspace       used 34201K, capacity 35303K, committed 35456K, reserved 1081344K
  class space    used 4001K, capacity 4380K, committed 4480K, reserved 1048576K
}

Deoptimization events (10 events):
Event: 4.132 Thread 0x00007f853b006800 Uncommon trap: reason=unstable_if action=reinterpret pc=0x000000010eafe8f8 method=java.util.regex.Pattern$Curly.match(Ljava/util/regex/Matcher;ILjava/lang/CharSequence;)Z @ 45
Event: 4.956 Thread 0x00007f853b006800 Uncommon trap: reason=bimorphic action=maybe_recompile pc=0x000000010f3611c0 method=java.util.Hashtable.addEntry(ILjava/lang/Object;Ljava/lang/Object;I)V @ 38
Event: 4.959 Thread 0x00007f853b006800 Uncommon trap: reason=bimorphic action=maybe_recompile pc=0x000000010f3611c0 method=java.util.Hashtable.addEntry(ILjava/lang/Object;Ljava/lang/Object;I)V @ 38
Event: 4.968 Thread 0x00007f853b006800 Uncommon trap: reason=null_check action=make_not_entrant pc=0x000000010f0ddfec method=org.eclipse.sisu.inject.LocatedBeans$Itr.hasNext()Z @ 35
Event: 5.057 Thread 0x00007f853b006800 Uncommon trap: reason=unstable_if action=reinterpret pc=0x000000010ef8d9e0 method=java.util.HashMap.getNode(ILjava/lang/Object;)Ljava/util/HashMap$Node; @ 53
Event: 5.058 Thread 0x00007f853b006800 Uncommon trap: reason=unstable_if action=reinterpret pc=0x000000010e8f64f4 method=java.util.HashMap.getNode(ILjava/lang/Object;)Ljava/util/HashMap$Node; @ 53
Event: 5.270 Thread 0x00007f853b006800 Uncommon trap: reason=bimorphic action=maybe_recompile pc=0x000000010f3611c0 method=java.util.Hashtable.addEntry(ILjava/lang/Object;Ljava/lang/Object;I)V @ 38
Event: 5.428 Thread 0x00007f853b006800 Uncommon trap: reason=unstable_if action=reinterpret pc=0x000000010f07bfa0 method=java.util.regex.Pattern$Curly.match(Ljava/util/regex/Matcher;ILjava/lang/CharSequence;)Z @ 45
Event: 6.483 Thread 0x00007f853b006800 Uncommon trap: reason=bimorphic action=maybe_recompile pc=0x000000010efe2ca4 method=java.util.Hashtable.putAll(Ljava/util/Map;)V @ 1
Event: 6.483 Thread 0x00007f853b006800 Uncommon trap: reason=bimorphic action=maybe_recompile pc=0x000000010efe2ca4 method=java.util.Hashtable.putAll(Ljava/util/Map;)V @ 1

Internal exceptions (10 events):
Event: 5.191 Thread 0x00007f853b006800 Exception <a 'java/lang/ArrayIndexOutOfBoundsException'> (0x000000076ae6d6b0) thrown at [/HUDSON3/workspace/8-2-build-macosx-x86_64/jdk8u101/7261/hotspot/src/share/vm/runtime/sharedRuntime.cpp, line 605]
Event: 5.191 Thread 0x00007f853b006800 Exception <a 'java/lang/ArrayIndexOutOfBoundsException'> (0x000000076ae778b8) thrown at [/HUDSON3/workspace/8-2-build-macosx-x86_64/jdk8u101/7261/hotspot/src/share/vm/runtime/sharedRuntime.cpp, line 605]
Event: 5.191 Thread 0x00007f853b006800 Exception <a 'java/lang/ArrayIndexOutOfBoundsException'> (0x000000076ae77cd8) thrown at [/HUDSON3/workspace/8-2-build-macosx-x86_64/jdk8u101/7261/hotspot/src/share/vm/runtime/sharedRuntime.cpp, line 605]
Event: 5.191 Thread 0x00007f853b006800 Exception <a 'java/lang/ArrayIndexOutOfBoundsException'> (0x000000076ae780f8) thrown at [/HUDSON3/workspace/8-2-build-macosx-x86_64/jdk8u101/7261/hotspot/src/share/vm/runtime/sharedRuntime.cpp, line 605]
Event: 5.195 Thread 0x00007f853b006800 Exception <a 'java/lang/ArrayIndexOutOfBoundsException'> (0x000000076ae8e3d0) thrown at [/HUDSON3/workspace/8-2-build-macosx-x86_64/jdk8u101/7261/hotspot/src/share/vm/runtime/sharedRuntime.cpp, line 605]
Event: 5.198 Thread 0x00007f853b006800 Exception <a 'java/lang/ArrayIndexOutOfBoundsException'> (0x000000076ae99218) thrown at [/HUDSON3/workspace/8-2-build-macosx-x86_64/jdk8u101/7261/hotspot/src/share/vm/runtime/sharedRuntime.cpp, line 605]
Event: 5.198 Thread 0x00007f853b006800 Exception <a 'java/lang/ArrayIndexOutOfBoundsException'> (0x000000076ae99638) thrown at [/HUDSON3/workspace/8-2-build-macosx-x86_64/jdk8u101/7261/hotspot/src/share/vm/runtime/sharedRuntime.cpp, line 605]
Event: 5.198 Thread 0x00007f853b006800 Exception <a 'java/lang/ArrayIndexOutOfBoundsException'> (0x000000076ae99a58) thrown at [/HUDSON3/workspace/8-2-build-macosx-x86_64/jdk8u101/7261/hotspot/src/share/vm/runtime/sharedRuntime.cpp, line 605]
Event: 5.214 Thread 0x00007f853b006800 Exception <a 'java/io/FileNotFoundException'> (0x000000076c615f90) thrown at [/HUDSON3/workspace/8-2-build-macosx-x86_64/jdk8u101/7261/hotspot/src/share/vm/prims/jni.cpp, line 709]
Event: 5.214 Thread 0x00007f853b006800 Exception <a 'java/io/FileNotFoundException'> (0x000000076c617b40) thrown at [/HUDSON3/workspace/8-2-build-macosx-x86_64/jdk8u101/7261/hotspot/src/share/vm/prims/jni.cpp, line 709]

Events (10 events):
Event: 6.507 loading class java/util/zip/ZipOutputStream done
Event: 6.507 loading class java/util/jar/JarOutputStream done
Event: 6.507 loading class com/alipay/sofa/ark/tools/JarWriter$IdentityEntryTransformer
Event: 6.507 loading class com/alipay/sofa/ark/tools/JarWriter$IdentityEntryTransformer done
Event: 6.507 loading class com/alipay/sofa/ark/tools/JarWriter$IdentityEntryTransformer
Event: 6.507 loading class com/alipay/sofa/ark/tools/JarWriter$IdentityEntryTransformer done
Event: 6.507 loading class java/util/jar/JarFile$JarEntryIterator
Event: 6.507 loading class java/util/jar/JarFile$JarEntryIterator done
Event: 6.507 loading class java/util/zip/ZipFile$ZipEntryIterator
Event: 6.507 loading class java/util/zip/ZipFile$ZipEntryIterator done


Dynamic libraries:
0x0000000007d17000 	/System/Library/Frameworks/Cocoa.framework/Versions/A/Cocoa
0x0000000007d17000 	/System/Library/Frameworks/Security.framework/Versions/A/Security
0x0000000007d17000 	/System/Library/Frameworks/ApplicationServices.framework/Versions/A/ApplicationServices
0x0000000007d17000 	/usr/lib/libz.1.dylib
0x0000000007d17000 	/usr/lib/libSystem.B.dylib
0x0000000007d17000 	/usr/lib/libobjc.A.dylib
0x0000000007d17000 	/System/Library/Frameworks/CoreFoundation.framework/Versions/A/CoreFoundation
0x0000000007d17000 	/System/Library/Frameworks/Foundation.framework/Versions/C/Foundation
0x0000000007d17000 	/System/Library/Frameworks/AppKit.framework/Versions/C/AppKit
0x0000000007d17000 	/System/Library/Frameworks/CoreData.framework/Versions/A/CoreData
0x0000000007d17000 	/System/Library/PrivateFrameworks/RemoteViewServices.framework/Versions/A/RemoteViewServices
0x0000000007d17000 	/System/Library/PrivateFrameworks/UIFoundation.framework/Versions/A/UIFoundation
0x0000000007d17000 	/usr/lib/libScreenReader.dylib
0x0000000007d17000 	/System/Library/Frameworks/Accelerate.framework/Versions/A/Accelerate
0x0000000007d17000 	/System/Library/Frameworks/IOSurface.framework/Versions/A/IOSurface
0x0000000007d17000 	/System/Library/Frameworks/AudioToolbox.framework/Versions/A/AudioToolbox
0x0000000007d17000 	/System/Library/Frameworks/AudioUnit.framework/Versions/A/AudioUnit
0x0000000007d17000 	/System/Library/PrivateFrameworks/DataDetectorsCore.framework/Versions/A/DataDetectorsCore
0x0000000007d17000 	/System/Library/PrivateFrameworks/DesktopServicesPriv.framework/Versions/A/DesktopServicesPriv
0x0000000007d17000 	/System/Library/Frameworks/Carbon.framework/Versions/A/Frameworks/HIToolbox.framework/Versions/A/HIToolbox
0x0000000007d17000 	/System/Library/Frameworks/QuartzCore.framework/Versions/A/QuartzCore
0x0000000007d17000 	/System/Library/Frameworks/Carbon.framework/Versions/A/Frameworks/SpeechRecognition.framework/Versions/A/SpeechRecognition
0x0000000007d17000 	/usr/lib/libauto.dylib
0x0000000007d17000 	/usr/lib/libicucore.A.dylib
0x0000000007d17000 	/usr/lib/libxml2.2.dylib
0x0000000007d17000 	/System/Library/PrivateFrameworks/CoreUI.framework/Versions/A/CoreUI
0x0000000007d17000 	/System/Library/Frameworks/CoreAudio.framework/Versions/A/CoreAudio
0x0000000007d17000 	/System/Library/Frameworks/DiskArbitration.framework/Versions/A/DiskArbitration
0x0000000007d17000 	/usr/lib/liblangid.dylib
0x0000000007d17000 	/System/Library/PrivateFrameworks/MultitouchSupport.framework/Versions/A/MultitouchSupport
0x0000000007d17000 	/System/Library/Frameworks/IOKit.framework/Versions/A/IOKit
0x0000000007d17000 	/usr/lib/libDiagnosticMessagesClient.dylib
0x0000000007d17000 	/System/Library/Frameworks/CoreServices.framework/Versions/A/CoreServices
0x0000000007d17000 	/System/Library/PrivateFrameworks/PerformanceAnalysis.framework/Versions/A/PerformanceAnalysis
0x0000000007d17000 	/System/Library/PrivateFrameworks/GenerationalStorage.framework/Versions/A/GenerationalStorage
0x0000000007d17000 	/System/Library/Frameworks/OpenGL.framework/Versions/A/OpenGL
0x0000000007d17000 	/System/Library/PrivateFrameworks/Sharing.framework/Versions/A/Sharing
0x0000000007d17000 	/System/Library/Frameworks/CoreGraphics.framework/Versions/A/CoreGraphics
0x0000000007d17000 	/System/Library/Frameworks/CoreImage.framework/Versions/A/CoreImage
0x0000000007d17000 	/System/Library/Frameworks/CoreText.framework/Versions/A/CoreText
0x0000000007d17000 	/System/Library/Frameworks/ImageIO.framework/Versions/A/ImageIO
0x0000000007d17000 	/System/Library/PrivateFrameworks/Backup.framework/Versions/A/Backup
0x0000000007d17000 	/usr/lib/libextension.dylib
0x0000000007d17000 	/usr/lib/libarchive.2.dylib
0x0000000007d17000 	/System/Library/Frameworks/CFNetwork.framework/Versions/A/CFNetwork
0x0000000007d17000 	/System/Library/Frameworks/SystemConfiguration.framework/Versions/A/SystemConfiguration
0x0000000007d17000 	/usr/lib/libCRFSuite.dylib
0x0000000007d17000 	/usr/lib/libc++.1.dylib
0x0000000007d17000 	/usr/lib/libc++abi.dylib
0x0000000007d17000 	/usr/lib/system/libcache.dylib
0x0000000007d17000 	/usr/lib/system/libcommonCrypto.dylib
0x0000000007d17000 	/usr/lib/system/libcompiler_rt.dylib
0x0000000007d17000 	/usr/lib/system/libcopyfile.dylib
0x0000000007d17000 	/usr/lib/system/libcorecrypto.dylib
0x0000000007d17000 	/usr/lib/system/libdispatch.dylib
0x0000000007d17000 	/usr/lib/system/libdyld.dylib
0x0000000007d17000 	/usr/lib/system/libkeymgr.dylib
0x0000000007d17000 	/usr/lib/system/liblaunch.dylib
0x0000000007d17000 	/usr/lib/system/libmacho.dylib
0x0000000007d17000 	/usr/lib/system/libquarantine.dylib
0x0000000007d17000 	/usr/lib/system/libremovefile.dylib
0x0000000007d17000 	/usr/lib/system/libsystem_asl.dylib
0x0000000007d17000 	/usr/lib/system/libsystem_blocks.dylib
0x0000000007d17000 	/usr/lib/system/libsystem_c.dylib
0x0000000007d17000 	/usr/lib/system/libsystem_configuration.dylib
0x0000000007d17000 	/usr/lib/system/libsystem_coreservices.dylib
0x0000000007d17000 	/usr/lib/system/libsystem_coretls.dylib
0x0000000007d17000 	/usr/lib/system/libsystem_dnssd.dylib
0x0000000007d17000 	/usr/lib/system/libsystem_info.dylib
0x0000000007d17000 	/usr/lib/system/libsystem_kernel.dylib
0x0000000007d17000 	/usr/lib/system/libsystem_m.dylib
0x0000000007d17000 	/usr/lib/system/libsystem_malloc.dylib
0x0000000007d17000 	/usr/lib/system/libsystem_network.dylib
0x0000000007d17000 	/usr/lib/system/libsystem_networkextension.dylib
0x0000000007d17000 	/usr/lib/system/libsystem_notify.dylib
0x0000000007d17000 	/usr/lib/system/libsystem_platform.dylib
0x0000000007d17000 	/usr/lib/system/libsystem_pthread.dylib
0x0000000007d17000 	/usr/lib/system/libsystem_sandbox.dylib
0x0000000007d17000 	/usr/lib/system/libsystem_secinit.dylib
0x0000000007d17000 	/usr/lib/system/libsystem_trace.dylib
0x0000000007d17000 	/usr/lib/system/libunc.dylib
0x0000000007d17000 	/usr/lib/system/libunwind.dylib
0x0000000007d17000 	/usr/lib/system/libxpc.dylib
0x0000000007d17000 	/usr/lib/libenergytrace.dylib
0x0000000007d17000 	/usr/lib/libbsm.0.dylib
0x0000000007d17000 	/usr/lib/system/libkxld.dylib
0x0000000007d17000 	/usr/lib/libxar.1.dylib
0x0000000007d17000 	/usr/lib/libsqlite3.dylib
0x0000000007d17000 	/usr/lib/libpam.2.dylib
0x0000000007d17000 	/usr/lib/libOpenScriptingUtil.dylib
0x0000000007d17000 	/usr/lib/libbz2.1.0.dylib
0x0000000007d17000 	/usr/lib/liblzma.5.dylib
0x0000000007d17000 	/System/Library/Frameworks/CoreServices.framework/Versions/A/Frameworks/FSEvents.framework/Versions/A/FSEvents
0x0000000007d17000 	/System/Library/Frameworks/CoreServices.framework/Versions/A/Frameworks/CarbonCore.framework/Versions/A/CarbonCore
0x0000000007d17000 	/System/Library/Frameworks/CoreServices.framework/Versions/A/Frameworks/Metadata.framework/Versions/A/Metadata
0x0000000007d17000 	/System/Library/Frameworks/CoreServices.framework/Versions/A/Frameworks/OSServices.framework/Versions/A/OSServices
0x0000000007d17000 	/System/Library/Frameworks/CoreServices.framework/Versions/A/Frameworks/SearchKit.framework/Versions/A/SearchKit
0x0000000007d17000 	/System/Library/Frameworks/CoreServices.framework/Versions/A/Frameworks/AE.framework/Versions/A/AE
0x0000000007d17000 	/System/Library/Frameworks/CoreServices.framework/Versions/A/Frameworks/LaunchServices.framework/Versions/A/LaunchServices
0x0000000007d17000 	/System/Library/Frameworks/CoreServices.framework/Versions/A/Frameworks/DictionaryServices.framework/Versions/A/DictionaryServices
0x0000000007d17000 	/System/Library/Frameworks/CoreServices.framework/Versions/A/Frameworks/SharedFileList.framework/Versions/A/SharedFileList
0x0000000007d17000 	/System/Library/Frameworks/NetFS.framework/Versions/A/NetFS
0x0000000007d17000 	/System/Library/PrivateFrameworks/NetAuth.framework/Versions/A/NetAuth
0x0000000007d17000 	/System/Library/PrivateFrameworks/login.framework/Versions/A/Frameworks/loginsupport.framework/Versions/A/loginsupport
0x0000000007d17000 	/System/Library/PrivateFrameworks/TCC.framework/Versions/A/TCC
0x0000000007d17000 	/usr/lib/libmecabra.dylib
0x0000000007d17000 	/System/Library/Frameworks/ApplicationServices.framework/Versions/A/Frameworks/ATS.framework/Versions/A/ATS
0x0000000007d17000 	/System/Library/Frameworks/ApplicationServices.framework/Versions/A/Frameworks/ColorSync.framework/Versions/A/ColorSync
0x0000000007d17000 	/System/Library/Frameworks/ApplicationServices.framework/Versions/A/Frameworks/HIServices.framework/Versions/A/HIServices
0x0000000007d17000 	/System/Library/Frameworks/ApplicationServices.framework/Versions/A/Frameworks/LangAnalysis.framework/Versions/A/LangAnalysis
0x0000000007d17000 	/System/Library/Frameworks/ApplicationServices.framework/Versions/A/Frameworks/PrintCore.framework/Versions/A/PrintCore
0x0000000007d17000 	/System/Library/Frameworks/ApplicationServices.framework/Versions/A/Frameworks/QD.framework/Versions/A/QD
0x0000000007d17000 	/System/Library/Frameworks/ApplicationServices.framework/Versions/A/Frameworks/SpeechSynthesis.framework/Versions/A/SpeechSynthesis
0x0000000007d17000 	/System/Library/Frameworks/Metal.framework/Versions/A/Metal
0x0000000007d17000 	/System/Library/Frameworks/Accelerate.framework/Versions/A/Frameworks/vImage.framework/Versions/A/vImage
0x0000000007d17000 	/System/Library/Frameworks/Accelerate.framework/Versions/A/Frameworks/vecLib.framework/Versions/A/vecLib
0x0000000007d17000 	/System/Library/Frameworks/Accelerate.framework/Versions/A/Frameworks/vecLib.framework/Versions/A/libvDSP.dylib
0x0000000007d17000 	/System/Library/Frameworks/Accelerate.framework/Versions/A/Frameworks/vecLib.framework/Versions/A/libvMisc.dylib
0x0000000007d17000 	/System/Library/Frameworks/Accelerate.framework/Versions/A/Frameworks/vecLib.framework/Versions/A/libLAPACK.dylib
0x0000000007d17000 	/System/Library/Frameworks/Accelerate.framework/Versions/A/Frameworks/vecLib.framework/Versions/A/libBLAS.dylib
0x0000000007d17000 	/System/Library/Frameworks/Accelerate.framework/Versions/A/Frameworks/vecLib.framework/Versions/A/libLinearAlgebra.dylib
0x0000000007d17000 	/System/Library/Frameworks/Accelerate.framework/Versions/A/Frameworks/vecLib.framework/Versions/A/libSparseBLAS.dylib
0x0000000007d17000 	/System/Library/PrivateFrameworks/GPUCompiler.framework/libmetal_timestamp.dylib
0x0000000007d17000 	/System/Library/Frameworks/OpenGL.framework/Versions/A/Libraries/libCoreFSCache.dylib
0x0000000007d17000 	/System/Library/PrivateFrameworks/IOAccelerator.framework/Versions/A/IOAccelerator
0x0000000007d17000 	/System/Library/Frameworks/ApplicationServices.framework/Versions/A/Frameworks/ATS.framework/Versions/A/Resources/libFontParser.dylib
0x0000000007d17000 	/System/Library/Frameworks/ApplicationServices.framework/Versions/A/Frameworks/ATS.framework/Versions/A/Resources/libFontRegistry.dylib
0x0000000007d17000 	/System/Library/PrivateFrameworks/AppleVPA.framework/Versions/A/AppleVPA
0x0000000007d17000 	/System/Library/PrivateFrameworks/AppleJPEG.framework/Versions/A/AppleJPEG
0x0000000007d17000 	/System/Library/Frameworks/ImageIO.framework/Versions/A/Resources/libJPEG.dylib
0x0000000007d17000 	/System/Library/Frameworks/ImageIO.framework/Versions/A/Resources/libTIFF.dylib
0x0000000007d17000 	/System/Library/Frameworks/ImageIO.framework/Versions/A/Resources/libPng.dylib
0x0000000007d17000 	/System/Library/Frameworks/ImageIO.framework/Versions/A/Resources/libGIF.dylib
0x0000000007d17000 	/System/Library/Frameworks/ImageIO.framework/Versions/A/Resources/libJP2.dylib
0x0000000007d17000 	/System/Library/Frameworks/ImageIO.framework/Versions/A/Resources/libRadiance.dylib
0x0000000007d17000 	/System/Library/Frameworks/CoreVideo.framework/Versions/A/CoreVideo
0x0000000007d17000 	/System/Library/Frameworks/OpenGL.framework/Versions/A/Libraries/libGLU.dylib
0x0000000007d17000 	/System/Library/Frameworks/OpenGL.framework/Versions/A/Libraries/libGFXShared.dylib
0x0000000007d17000 	/System/Library/Frameworks/OpenGL.framework/Versions/A/Libraries/libGL.dylib
0x0000000007d17000 	/System/Library/Frameworks/OpenGL.framework/Versions/A/Libraries/libGLImage.dylib
0x0000000007d17000 	/System/Library/Frameworks/OpenGL.framework/Versions/A/Libraries/libCVMSPluginSupport.dylib
0x0000000007d17000 	/System/Library/Frameworks/OpenGL.framework/Versions/A/Libraries/libCoreVMClient.dylib
0x0000000007d17000 	/usr/lib/libcompression.dylib
0x0000000007d17000 	/usr/lib/libcups.2.dylib
0x0000000007d17000 	/System/Library/Frameworks/Kerberos.framework/Versions/A/Kerberos
0x0000000007d17000 	/System/Library/Frameworks/GSS.framework/Versions/A/GSS
0x0000000007d17000 	/usr/lib/libresolv.9.dylib
0x0000000007d17000 	/usr/lib/libiconv.2.dylib
0x0000000007d17000 	/System/Library/PrivateFrameworks/Heimdal.framework/Versions/A/Heimdal
0x0000000007d17000 	/usr/lib/libheimdal-asn1.dylib
0x0000000007d17000 	/System/Library/Frameworks/OpenDirectory.framework/Versions/A/OpenDirectory
0x0000000007d17000 	/System/Library/PrivateFrameworks/CommonAuth.framework/Versions/A/CommonAuth
0x0000000007d17000 	/System/Library/Frameworks/OpenDirectory.framework/Versions/A/Frameworks/CFOpenDirectory.framework/Versions/A/CFOpenDirectory
0x0000000007d17000 	/System/Library/Frameworks/SecurityFoundation.framework/Versions/A/SecurityFoundation
0x0000000007d17000 	/System/Library/PrivateFrameworks/LanguageModeling.framework/Versions/A/LanguageModeling
0x0000000007d17000 	/usr/lib/libmarisa.dylib
0x0000000007d17000 	/usr/lib/libChineseTokenizer.dylib
0x0000000007d17000 	/usr/lib/libcmph.dylib
0x0000000007d17000 	/System/Library/Frameworks/ServiceManagement.framework/Versions/A/ServiceManagement
0x0000000007d17000 	/usr/lib/libxslt.1.dylib
0x0000000007d17000 	/System/Library/Frameworks/Carbon.framework/Versions/A/Frameworks/Ink.framework/Versions/A/Ink
0x0000000007d17000 	/usr/lib/libFosl_dynamic.dylib
0x0000000007d17000 	/System/Library/PrivateFrameworks/FaceCore.framework/Versions/A/FaceCore
0x0000000007d17000 	/System/Library/Frameworks/OpenCL.framework/Versions/A/OpenCL
0x0000000007d17000 	/System/Library/PrivateFrameworks/CrashReporterSupport.framework/Versions/A/CrashReporterSupport
0x0000000007d17000 	/System/Library/PrivateFrameworks/IconServices.framework/Versions/A/IconServices
0x0000000007d17000 	/System/Library/PrivateFrameworks/Apple80211.framework/Versions/A/Apple80211
0x0000000007d17000 	/System/Library/Frameworks/CoreWLAN.framework/Versions/A/CoreWLAN
0x0000000007d17000 	/System/Library/Frameworks/IOBluetooth.framework/Versions/A/IOBluetooth
0x0000000007d17000 	/System/Library/PrivateFrameworks/CoreWiFi.framework/Versions/A/CoreWiFi
0x0000000007d17000 	/System/Library/Frameworks/CoreBluetooth.framework/Versions/A/CoreBluetooth
0x0000000007d17000 	/System/Library/PrivateFrameworks/ChunkingLibrary.framework/Versions/A/ChunkingLibrary
0x0000000007d17000 	/System/Library/PrivateFrameworks/DebugSymbols.framework/Versions/A/DebugSymbols
0x0000000007d17000 	/System/Library/PrivateFrameworks/CoreSymbolication.framework/Versions/A/CoreSymbolication
0x0000000007d17000 	/System/Library/PrivateFrameworks/Symbolication.framework/Versions/A/Symbolication
0x0000000007d17000 	/System/Library/PrivateFrameworks/SpeechRecognitionCore.framework/Versions/A/SpeechRecognitionCore
0x000000010c4a5000 	/System/Library/CoreServices/Encodings/libSimplifiedChineseConverter.dylib
0x000000010d600000 	/Library/Java/JavaVirtualMachines/jdk1.8.0_101.jdk/Contents/Home/jre/lib/server/libjvm.dylib
0x0000000007d17000 	/usr/lib/libstdc++.6.dylib
0x000000010c4ed000 	/Library/Java/JavaVirtualMachines/jdk1.8.0_101.jdk/Contents/Home/jre/lib/libverify.dylib
0x000000010c4fb000 	/Library/Java/JavaVirtualMachines/jdk1.8.0_101.jdk/Contents/Home/jre/lib/libjava.dylib
0x000000010c53a000 	/Library/Java/JavaVirtualMachines/jdk1.8.0_101.jdk/Contents/Home/jre/lib/libzip.dylib
0x000000012959b000 	/System/Library/Frameworks/JavaVM.framework/Frameworks/JavaRuntimeSupport.framework/JavaRuntimeSupport
0x00000001295b6000 	/System/Library/Frameworks/JavaVM.framework/Versions/A/Frameworks/JavaNativeFoundation.framework/Versions/A/JavaNativeFoundation
0x00000001295cb000 	/System/Library/Frameworks/JavaVM.framework/Versions/A/JavaVM
0x0000000007d17000 	/System/Library/Frameworks/Carbon.framework/Versions/A/Carbon
0x00000001295d8000 	/System/Library/PrivateFrameworks/JavaLaunching.framework/Versions/A/JavaLaunching
0x0000000007d17000 	/System/Library/Frameworks/Carbon.framework/Versions/A/Frameworks/CommonPanels.framework/Versions/A/CommonPanels
0x0000000007d17000 	/System/Library/Frameworks/Carbon.framework/Versions/A/Frameworks/Help.framework/Versions/A/Help
0x0000000007d17000 	/System/Library/Frameworks/Carbon.framework/Versions/A/Frameworks/ImageCapture.framework/Versions/A/ImageCapture
0x0000000007d17000 	/System/Library/Frameworks/Carbon.framework/Versions/A/Frameworks/OpenScripting.framework/Versions/A/OpenScripting
0x0000000007d17000 	/System/Library/Frameworks/Carbon.framework/Versions/A/Frameworks/Print.framework/Versions/A/Print
0x0000000007d17000 	/System/Library/Frameworks/Carbon.framework/Versions/A/Frameworks/SecurityHI.framework/Versions/A/SecurityHI
0x000000012b13e000 	/Library/Java/JavaVirtualMachines/jdk1.8.0_101.jdk/Contents/Home/jre/lib/libnet.dylib
0x000000012b155000 	/Library/Java/JavaVirtualMachines/jdk1.8.0_101.jdk/Contents/Home/jre/lib/libnio.dylib

VM Arguments:
jvm_args: -Dclassworlds.conf=/Users/qilong.zql/.jenv/candidates/maven/current/bin/m2.conf -Dmaven.home=/Users/qilong.zql/.jenv/candidates/maven/current 
java_command: org.codehaus.plexus.classworlds.launcher.Launcher clean install -DskipTests
java_class_path (initial): /Users/qilong.zql/.jenv/candidates/maven/current/boot/plexus-classworlds-2.5.2.jar
Launcher Type: SUN_STANDARD

Environment Variables:
JAVA_HOME=/Users/qilong.zql/.jenv/candidates/java/current
PATH=/Users/qilong.zql/Workdir/sofa:/Users/qilong.zql/Workdir/sofa:/Users/qilong.zql/.jenv/bin:/Users/qilong.zql/.jenv/candidates/maven/current/bin:/Users/qilong.zql/.jenv/candidates/java/current/bin:/usr/local/bin:/usr/bin:/bin:/usr/sbin:/sbin:/Library/Frameworks/Mono.framework/Versions/Current/Commands:/usr/local/mysql/bin
SHELL=/bin/zsh

Signal Handlers:
SIGSEGV: [libjvm.dylib+0x5af145], sa_mask[0]=11111111011111110111111111111111, sa_flags=SA_ONSTACK|SA_RESTART|SA_SIGINFO
SIGBUS: [libjvm.dylib+0x5af145], sa_mask[0]=11111111011111110111111111111111, sa_flags=SA_RESTART|SA_SIGINFO
SIGFPE: [libjvm.dylib+0x48694c], sa_mask[0]=11111111011111110111111111111111, sa_flags=SA_RESTART|SA_SIGINFO
SIGPIPE: [libjvm.dylib+0x48694c], sa_mask[0]=11111111011111110111111111111111, sa_flags=SA_RESTART|SA_SIGINFO
SIGXFSZ: [libjvm.dylib+0x48694c], sa_mask[0]=11111111011111110111111111111111, sa_flags=SA_RESTART|SA_SIGINFO
SIGILL: [libjvm.dylib+0x48694c], sa_mask[0]=11111111011111110111111111111111, sa_flags=SA_RESTART|SA_SIGINFO
SIGUSR1: SIG_DFL, sa_mask[0]=00000000000000000000000000000000, sa_flags=SA_RESTART
SIGUSR2: [libjvm.dylib+0x48646a], sa_mask[0]=00000000000000000000000000000000, sa_flags=SA_RESTART|SA_SIGINFO
SIGHUP: [libjvm.dylib+0x484a41], sa_mask[0]=11111111011111110111111111111111, sa_flags=SA_RESTART|SA_SIGINFO
SIGINT: [libjvm.dylib+0x484a41], sa_mask[0]=11111111011111110111111111111111, sa_flags=SA_RESTART|SA_SIGINFO
SIGTERM: [libjvm.dylib+0x484a41], sa_mask[0]=11111111011111110111111111111111, sa_flags=SA_RESTART|SA_SIGINFO
SIGQUIT: [libjvm.dylib+0x484a41], sa_mask[0]=11111111011111110111111111111111, sa_flags=SA_RESTART|SA_SIGINFO


---------------  S Y S T E M  ---------------

OS:Bsduname:Darwin 15.6.0 Darwin Kernel Version 15.6.0: Thu Jun 23 18:25:34 PDT 2016; root:xnu-3248.60.10~1/RELEASE_X86_64 x86_64
rlimit: STACK 8192k, CORE 0k, NPROC 3750, NOFILE 10240, AS infinity
load average:5.54 3.33 2.56

CPU:total 8 (4 cores per cpu, 2 threads per core) family 6 model 70 stepping 1, cmov, cx8, fxsr, mmx, sse, sse2, sse3, ssse3, sse4.1, sse4.2, popcnt, avx, avx2, aes, clmul, erms, lzcnt, ht, tsc, tscinvbit, bmi1, bmi2

Memory: 4k page, physical 16777216k(1103200k free)

/proc/meminfo:


vm_info: Java HotSpot(TM) 64-Bit Server VM (25.101-b13) for bsd-amd64 JRE (1.8.0_101-b13), built on Jun 22 2016 02:42:15 by "java_re" with gcc 4.2.1 (Based on Apple Inc. build 5658) (LLVM build 2336.11.00)

time: Fri Jul  6 12:12:11 2018
elapsed time: 6 seconds (0d 0h 0m 6s)

