2019-05-29 12:11:04,770 INFO  main                             - Begin to start ArkServiceContainer
2019-05-29 12:11:05,158 INFO  main                             - Init Service: com.alipay.sofa.ark.container.session.StandardTelnetServerImpl
2019-05-29 12:11:05,173 INFO  main                             - Listening on port: 1234
2019-05-29 12:11:05,175 INFO  main                             - Init Service: com.alipay.sofa.ark.container.service.plugin.PluginDeployServiceImpl
2019-05-29 12:11:05,175 INFO  main                             - Init Service: com.alipay.sofa.ark.container.service.biz.BizDeployServiceImpl
2019-05-29 12:11:05,175 INFO  main                             - Init Service: com.alipay.sofa.ark.container.service.classloader.ClassLoaderServiceImpl
2019-05-29 12:11:05,178 INFO  main                             - Finish to start ArkServiceContainer
2019-05-29 12:11:05,191 INFO  main                             - Start to process pipeline stage: com.alipay.sofa.ark.container.pipeline.HandleArchiveStage
2019-05-29 12:11:05,230 INFO  main                             - Finish to process pipeline stage: com.alipay.sofa.ark.container.pipeline.HandleArchiveStage
2019-05-29 12:11:05,230 INFO  main                             - Start to process pipeline stage: com.alipay.sofa.ark.container.pipeline.RegisterServiceStage
2019-05-29 12:11:05,234 INFO  main                             - Service: com.alipay.sofa.ark.spi.service.biz.BizManagerService publish by: ServiceProvider{provider='Ark Container', order=-2147483648} succeed
2019-05-29 12:11:05,235 INFO  main                             - Service: com.alipay.sofa.ark.spi.service.biz.BizFactoryService publish by: ServiceProvider{provider='Ark Container', order=-2147483648} succeed
2019-05-29 12:11:05,235 INFO  main                             - Service: com.alipay.sofa.ark.spi.service.plugin.PluginManagerService publish by: ServiceProvider{provider='Ark Container', order=-2147483648} succeed
2019-05-29 12:11:05,235 INFO  main                             - Service: com.alipay.sofa.ark.spi.service.plugin.PluginFactoryService publish by: ServiceProvider{provider='Ark Container', order=-2147483648} succeed
2019-05-29 12:11:05,236 INFO  main                             - Service: com.alipay.sofa.ark.spi.service.event.EventAdminService publish by: ServiceProvider{provider='Ark Container', order=-2147483648} succeed
2019-05-29 12:11:05,236 INFO  main                             - Service: com.alipay.sofa.ark.spi.service.registry.RegistryService publish by: ServiceProvider{provider='Ark Container', order=-2147483648} succeed
2019-05-29 12:11:05,238 INFO  main                             - Inject {field= bizManagerService} of {service= ServiceMetadata{service='com.alipay.sofa.ark.spi.service.biz.BizDeployer', provider='ServiceProvider{provider='Ark Container', order=100}'}} success!
2019-05-29 12:11:05,239 INFO  main                             - Service: com.alipay.sofa.ark.spi.service.biz.BizDeployer publish by: ServiceProvider{provider='Ark Container', order=100} succeed
2019-05-29 12:11:05,240 INFO  main                             - Inject {field= pluginManagerService} of {service= ServiceMetadata{service='com.alipay.sofa.ark.spi.service.session.CommandProvider:plugin-command-provider', provider='ServiceProvider{provider='Ark Container', order=100}'}} success!
2019-05-29 12:11:05,240 INFO  main                             - Service: com.alipay.sofa.ark.spi.service.session.CommandProvider:plugin-command-provider publish by: ServiceProvider{provider='Ark Container', order=100} succeed
2019-05-29 12:11:05,241 INFO  main                             - Inject {field= bizManagerService} of {service= ServiceMetadata{service='com.alipay.sofa.ark.spi.service.session.CommandProvider:biz-command-provider', provider='ServiceProvider{provider='Ark Container', order=100}'}} success!
2019-05-29 12:11:05,241 INFO  main                             - Service: com.alipay.sofa.ark.spi.service.session.CommandProvider:biz-command-provider publish by: ServiceProvider{provider='Ark Container', order=100} succeed
2019-05-29 12:11:05,241 INFO  main                             - Finish to process pipeline stage: com.alipay.sofa.ark.container.pipeline.RegisterServiceStage
2019-05-29 12:11:05,241 INFO  main                             - Start to process pipeline stage: com.alipay.sofa.ark.container.pipeline.ExtensionLoaderStage
2019-05-29 12:11:05,245 INFO  main                             - Finish to process pipeline stage: com.alipay.sofa.ark.container.pipeline.ExtensionLoaderStage
2019-05-29 12:11:05,245 INFO  main                             - Start to process pipeline stage: com.alipay.sofa.ark.container.pipeline.DeployPluginStage
2019-05-29 12:11:05,246 INFO  main                             - Start to deploy plugin: web-ark-plugin
2019-05-29 12:11:05,251 INFO  main                             - Service: com.alipay.sofa.ark.spi.web.EmbeddedServerService publish by: ServiceProvider{provider='Ark plugin:web-ark-plugin', order=100} succeed
2019-05-29 12:11:05,251 INFO  main                             - Finish to deploy plugin: web-ark-plugin
2019-05-29 12:11:05,251 INFO  main                             - Finish to process pipeline stage: com.alipay.sofa.ark.container.pipeline.DeployPluginStage
2019-05-29 12:11:05,252 INFO  main                             - Start to process pipeline stage: com.alipay.sofa.ark.container.pipeline.DeployBizStage
2019-05-29 12:11:05,252 INFO  main                             - BizDeployer='{name='DefaultBizDeployer', provider='Ark Container'}' is starting.
2019-05-29 12:11:05,253 INFO  main                             - Finish to process pipeline stage: com.alipay.sofa.ark.container.pipeline.DeployBizStage
2019-05-29 12:11:05,253 INFO  main                             - Start to process pipeline stage: com.alipay.sofa.ark.container.pipeline.FinishStartupStage
2019-05-29 12:11:05,253 INFO  main                             - Finish to process pipeline stage: com.alipay.sofa.ark.container.pipeline.FinishStartupStage
2019-05-29 12:11:05,406 INFO  Thread-0                         - Begin to stop ArkServiceContainer
2019-05-29 12:11:05,407 INFO  Thread-0                         - Dispose service: com.alipay.sofa.ark.container.service.classloader.ClassLoaderServiceImpl
2019-05-29 12:11:05,407 INFO  Thread-0                         - Dispose service: com.alipay.sofa.ark.container.service.biz.BizDeployServiceImpl
2019-05-29 12:11:05,407 INFO  Thread-0                         - BizDeployer='{name='DefaultBizDeployer', provider='Ark Container'}' is stopping.
2019-05-29 12:11:05,407 INFO  Thread-0                         - Dispose service: com.alipay.sofa.ark.container.service.plugin.PluginDeployServiceImpl
2019-05-29 12:11:05,407 INFO  Thread-0                         - Start to unDeploy plugin: web-ark-pluginweb-ark-plugin
2019-05-29 12:11:05,407 INFO  Thread-0                         - Stop to unDeploy plugin: web-ark-pluginweb-ark-plugin
2019-05-29 12:11:05,407 INFO  Thread-0                         - Dispose service: com.alipay.sofa.ark.container.session.StandardTelnetServerImpl
2019-05-29 12:11:05,410 INFO  Thread-0                         - Finish to stop ArkServiceContainer
